  Desimal_VS.cpp
D:\_Uni\Semester 1\Fisika Dasar\7 Fisika Komputer\Codes\Desimal_VS\Desimal_VS.cpp(50,15): error C7595: 'fmt::v12::fstring<Decimal &>::fstring': call to immediate function is not a constant expression
      D:\Code\MSVC\MSVC_IDE\VC\Tools\MSVC\14.44.35207\include\xstring(453,16):
      failure was caused by a read of a variable outside its lifetime
      D:\Code\MSVC\MSVC_IDE\VC\Tools\MSVC\14.44.35207\include\xstring(453,16):
      see usage of 'Fmt'
      D:\_Uni\Semester 1\Fisika Dasar\7 Fisika Komputer\Codes\Desimal_VS\Desimal_VS.cpp(50,15):
      the call stack of the evaluation (the oldest call first) is
          D:\_Uni\Semester 1\Fisika Dasar\7 Fisika Komputer\Codes\Desimal_VS\Desimal_VS.cpp(50,15):
          while evaluating function 'fmt::v12::fstring<Decimal &>::fstring<std::string,0>(const S &)'
          with
          [
              S=std::string
          ]
          D:\Code\VCPKG\installed\x64-windows\include\fmt\base.h(2768,60):
          while evaluating function 'fmt::v12::basic_string_view<char>::basic_string_view<std::string,0>(const S &) noexcept'
          with
          [
              S=std::string
          ]
          D:\Code\VCPKG\installed\x64-windows\include\fmt\base.h(561,21):
          while evaluating function 'const _Elem *std::basic_string<_Elem,std::char_traits<char>,std::allocator<char>>::data(void) noexcept const'
          with
          [
              _Elem=char
          ]
          D:\Code\MSVC\MSVC_IDE\VC\Tools\MSVC\14.44.35207\include\xstring(2360,38):
          while evaluating function 'const char *std::_String_val<std::_Simple_types<_Elem>>::_Myptr(void) noexcept const'
          with
          [
              _Elem=char
          ]
          D:\Code\MSVC\MSVC_IDE\VC\Tools\MSVC\14.44.35207\include\xstring(445,32):
          while evaluating function 'bool std::_String_val<std::_Simple_types<_Elem>>::_Large_mode_engaged(void) noexcept const'
          with
          [
              _Elem=char
          ]
  
D:\_Uni\Semester 1\Fisika Dasar\7 Fisika Komputer\Codes\Desimal_VS\Desimal_VS.cpp(55,15): error C7595: 'fmt::v12::fstring<float &>::fstring': call to immediate function is not a constant expression
      D:\Code\MSVC\MSVC_IDE\VC\Tools\MSVC\14.44.35207\include\xstring(453,16):
      failure was caused by a read of a variable outside its lifetime
      D:\Code\MSVC\MSVC_IDE\VC\Tools\MSVC\14.44.35207\include\xstring(453,16):
      see usage of 'Fmt'
      D:\_Uni\Semester 1\Fisika Dasar\7 Fisika Komputer\Codes\Desimal_VS\Desimal_VS.cpp(55,15):
      the call stack of the evaluation (the oldest call first) is
          D:\_Uni\Semester 1\Fisika Dasar\7 Fisika Komputer\Codes\Desimal_VS\Desimal_VS.cpp(55,15):
          while evaluating function 'fmt::v12::fstring<float &>::fstring<std::string,0>(const S &)'
          with
          [
              S=std::string
          ]
          D:\Code\VCPKG\installed\x64-windows\include\fmt\base.h(2768,60):
          while evaluating function 'fmt::v12::basic_string_view<char>::basic_string_view<std::string,0>(const S &) noexcept'
          with
          [
              S=std::string
          ]
          D:\Code\VCPKG\installed\x64-windows\include\fmt\base.h(561,21):
          while evaluating function 'const _Elem *std::basic_string<_Elem,std::char_traits<char>,std::allocator<char>>::data(void) noexcept const'
          with
          [
              _Elem=char
          ]
          D:\Code\MSVC\MSVC_IDE\VC\Tools\MSVC\14.44.35207\include\xstring(2360,38):
          while evaluating function 'const char *std::_String_val<std::_Simple_types<_Elem>>::_Myptr(void) noexcept const'
          with
          [
              _Elem=char
          ]
          D:\Code\MSVC\MSVC_IDE\VC\Tools\MSVC\14.44.35207\include\xstring(445,32):
          while evaluating function 'bool std::_String_val<std::_Simple_types<_Elem>>::_Large_mode_engaged(void) noexcept const'
          with
          [
              _Elem=char
          ]
  
D:\_Uni\Semester 1\Fisika Dasar\7 Fisika Komputer\Codes\Desimal_VS\Desimal_VS.cpp(60,15): error C7595: 'fmt::v12::fstring<double &>::fstring': call to immediate function is not a constant expression
      D:\Code\MSVC\MSVC_IDE\VC\Tools\MSVC\14.44.35207\include\xstring(453,16):
      failure was caused by a read of a variable outside its lifetime
      D:\Code\MSVC\MSVC_IDE\VC\Tools\MSVC\14.44.35207\include\xstring(453,16):
      see usage of 'Fmt'
      D:\_Uni\Semester 1\Fisika Dasar\7 Fisika Komputer\Codes\Desimal_VS\Desimal_VS.cpp(60,15):
      the call stack of the evaluation (the oldest call first) is
          D:\_Uni\Semester 1\Fisika Dasar\7 Fisika Komputer\Codes\Desimal_VS\Desimal_VS.cpp(60,15):
          while evaluating function 'fmt::v12::fstring<double &>::fstring<std::string,0>(const S &)'
          with
          [
              S=std::string
          ]
          D:\Code\VCPKG\installed\x64-windows\include\fmt\base.h(2768,60):
          while evaluating function 'fmt::v12::basic_string_view<char>::basic_string_view<std::string,0>(const S &) noexcept'
          with
          [
              S=std::string
          ]
          D:\Code\VCPKG\installed\x64-windows\include\fmt\base.h(561,21):
          while evaluating function 'const _Elem *std::basic_string<_Elem,std::char_traits<char>,std::allocator<char>>::data(void) noexcept const'
          with
          [
              _Elem=char
          ]
          D:\Code\MSVC\MSVC_IDE\VC\Tools\MSVC\14.44.35207\include\xstring(2360,38):
          while evaluating function 'const char *std::_String_val<std::_Simple_types<_Elem>>::_Myptr(void) noexcept const'
          with
          [
              _Elem=char
          ]
          D:\Code\MSVC\MSVC_IDE\VC\Tools\MSVC\14.44.35207\include\xstring(445,32):
          while evaluating function 'bool std::_String_val<std::_Simple_types<_Elem>>::_Large_mode_engaged(void) noexcept const'
          with
          [
              _Elem=char
          ]
  
D:\_Uni\Semester 1\Fisika Dasar\7 Fisika Komputer\Codes\Desimal_VS\Desimal_VS.cpp(65,15): error C7595: 'fmt::v12::fstring<long double &>::fstring': call to immediate function is not a constant expression
      D:\Code\MSVC\MSVC_IDE\VC\Tools\MSVC\14.44.35207\include\xstring(453,16):
      failure was caused by a read of a variable outside its lifetime
      D:\Code\MSVC\MSVC_IDE\VC\Tools\MSVC\14.44.35207\include\xstring(453,16):
      see usage of 'Fmt'
      D:\_Uni\Semester 1\Fisika Dasar\7 Fisika Komputer\Codes\Desimal_VS\Desimal_VS.cpp(65,15):
      the call stack of the evaluation (the oldest call first) is
          D:\_Uni\Semester 1\Fisika Dasar\7 Fisika Komputer\Codes\Desimal_VS\Desimal_VS.cpp(65,15):
          while evaluating function 'fmt::v12::fstring<long double &>::fstring<std::string,0>(const S &)'
          with
          [
              S=std::string
          ]
          D:\Code\VCPKG\installed\x64-windows\include\fmt\base.h(2768,60):
          while evaluating function 'fmt::v12::basic_string_view<char>::basic_string_view<std::string,0>(const S &) noexcept'
          with
          [
              S=std::string
          ]
          D:\Code\VCPKG\installed\x64-windows\include\fmt\base.h(561,21):
          while evaluating function 'const _Elem *std::basic_string<_Elem,std::char_traits<char>,std::allocator<char>>::data(void) noexcept const'
          with
          [
              _Elem=char
          ]
          D:\Code\MSVC\MSVC_IDE\VC\Tools\MSVC\14.44.35207\include\xstring(2360,38):
          while evaluating function 'const char *std::_String_val<std::_Simple_types<_Elem>>::_Myptr(void) noexcept const'
          with
          [
              _Elem=char
          ]
          D:\Code\MSVC\MSVC_IDE\VC\Tools\MSVC\14.44.35207\include\xstring(445,32):
          while evaluating function 'bool std::_String_val<std::_Simple_types<_Elem>>::_Large_mode_engaged(void) noexcept const'
          with
          [
              _Elem=char
          ]
  
